<?xml version="1.0" encoding="UTF-8"?>
<!-- Generated by org.testng.reporters.JUnitXMLReporter -->
<testsuite ignored="0" hostname="Shashank" failures="0" tests="5" name="Test" time="26.471" errors="0" timestamp="2024-03-10T17:33:10 EDT">
  <testcase classname="tests.WelcomePageTest" name="validateWelcomePage" time="1.436"/>
  <testcase classname="tests.WelcomePageTest" name="welcomePage" time="6.568"/>
  <testcase classname="tests.WelcomePageTest" name="searchPage" time="6.011"/>
  <testcase classname="tests.WelcomePageTest" name="selectTeam" time="3.472"/>
  <testcase classname="tests.WelcomePageTest" name="gobackToPreviousPage" time="2.03"/>
</testsuite> <!-- Test -->
