<?xml version="1.0" encoding="UTF-8"?>
<testng-results ignored="0" total="6" passed="6" failed="0" skipped="0">
  <reporter-output>
  </reporter-output>
  <suite started-at="2024-03-11T17:59:57 EDT" name="Suite" finished-at="2024-03-11T18:00:26 EDT" duration-ms="29304">
    <groups>
    </groups>
    <test started-at="2024-03-11T17:59:57 EDT" name="ScoreAppAssignment" finished-at="2024-03-11T18:00:26 EDT" duration-ms="29304">
      <class name="com.score.tests.WelcomePageTest">
        <test-method is-config="true" signature="serverStart()[pri:0, instance:com.score.tests.WelcomePageTest@ee86bcb]" started-at="2024-03-11T17:59:57 EDT" name="serverStart" finished-at="2024-03-11T17:59:57 EDT" duration-ms="110" status="PASS">
          <reporter-output>
          </reporter-output>
        </test-method> <!-- serverStart -->
        <test-method is-config="true" signature="launchApp()[pri:0, instance:com.score.tests.WelcomePageTest@ee86bcb]" started-at="2024-03-11T17:59:57 EDT" name="launchApp" finished-at="2024-03-11T18:00:05 EDT" duration-ms="7714" status="PASS">
          <reporter-output>
          </reporter-output>
        </test-method> <!-- launchApp -->
        <test-method is-config="true" signature="setup()[pri:0, instance:com.score.tests.WelcomePageTest@ee86bcb]" started-at="2024-03-11T18:00:05 EDT" name="setup" finished-at="2024-03-11T18:00:05 EDT" duration-ms="11" status="PASS">
          <reporter-output>
          </reporter-output>
        </test-method> <!-- setup -->
        <test-method signature="validateWelcomePage()[pri:1, instance:com.score.tests.WelcomePageTest@ee86bcb]" started-at="2024-03-11T18:00:05 EDT" name="validateWelcomePage" finished-at="2024-03-11T18:00:07 EDT" duration-ms="2391" status="PASS">
          <reporter-output>
          </reporter-output>
        </test-method> <!-- validateWelcomePage -->
        <test-method is-config="true" signature="closeApp(org.testng.ITestResult)[pri:0, instance:com.score.tests.WelcomePageTest@ee86bcb]" started-at="2024-03-11T18:00:07 EDT" name="closeApp" finished-at="2024-03-11T18:00:07 EDT" duration-ms="2" status="PASS">
          <params>
            <param index="0">
              <value>
                <![CDATA[[TestResult name=validateWelcomePage status=SUCCESS method=WelcomePageTest.validateWelcomePage()[pri:1, instance:com.score.tests.WelcomePageTest@ee86bcb] output={null}]]]>
              </value>
            </param>
          </params>
          <reporter-output>
          </reporter-output>
        </test-method> <!-- closeApp -->
        <test-method signature="welcomePage(java.lang.String,java.lang.String)[pri:2, instance:com.score.tests.WelcomePageTest@ee86bcb]" started-at="2024-03-11T18:00:08 EDT" name="welcomePage" data-provider="getTeamTestData" finished-at="2024-03-11T18:00:14 EDT" duration-ms="6404" status="PASS">
          <params>
            <param index="0">
              <value>
                <![CDATA[NHL Hockey]]>
              </value>
            </param>
            <param index="1">
              <value>
                <![CDATA[MLB Baseball]]>
              </value>
            </param>
          </params>
          <reporter-output>
          </reporter-output>
        </test-method> <!-- welcomePage -->
        <test-method is-config="true" signature="closeApp(org.testng.ITestResult)[pri:0, instance:com.score.tests.WelcomePageTest@ee86bcb]" started-at="2024-03-11T18:00:14 EDT" name="closeApp" finished-at="2024-03-11T18:00:14 EDT" duration-ms="0" status="PASS">
          <params>
            <param index="0">
              <value>
                <![CDATA[[TestResult name=welcomePage status=SUCCESS method=WelcomePageTest.welcomePage(java.lang.String,java.lang.String)[pri:2, instance:com.score.tests.WelcomePageTest@ee86bcb] output={null}]]]>
              </value>
            </param>
          </params>
          <reporter-output>
          </reporter-output>
        </test-method> <!-- closeApp -->
        <test-method signature="searchPage(java.lang.String)[pri:3, instance:com.score.tests.WelcomePageTest@ee86bcb]" started-at="2024-03-11T18:00:14 EDT" name="searchPage" data-provider="getSearchLeagueData" finished-at="2024-03-11T18:00:20 EDT" duration-ms="5588" status="PASS">
          <params>
            <param index="0">
              <value>
                <![CDATA[Toronto Maple Leafs]]>
              </value>
            </param>
          </params>
          <reporter-output>
          </reporter-output>
        </test-method> <!-- searchPage -->
        <test-method is-config="true" signature="closeApp(org.testng.ITestResult)[pri:0, instance:com.score.tests.WelcomePageTest@ee86bcb]" started-at="2024-03-11T18:00:20 EDT" name="closeApp" finished-at="2024-03-11T18:00:20 EDT" duration-ms="0" status="PASS">
          <params>
            <param index="0">
              <value>
                <![CDATA[[TestResult name=searchPage status=SUCCESS method=WelcomePageTest.searchPage(java.lang.String)[pri:3, instance:com.score.tests.WelcomePageTest@ee86bcb] output={null}]]]>
              </value>
            </param>
          </params>
          <reporter-output>
          </reporter-output>
        </test-method> <!-- closeApp -->
        <test-method signature="selectTeam(java.lang.String)[pri:4, instance:com.score.tests.WelcomePageTest@ee86bcb]" started-at="2024-03-11T18:00:20 EDT" name="selectTeam" data-provider="SelectLeagueData" finished-at="2024-03-11T18:00:23 EDT" duration-ms="3352" status="PASS">
          <params>
            <param index="0">
              <value>
                <![CDATA[Toronto Maple Leafs]]>
              </value>
            </param>
          </params>
          <reporter-output>
          </reporter-output>
        </test-method> <!-- selectTeam -->
        <test-method is-config="true" signature="closeApp(org.testng.ITestResult)[pri:0, instance:com.score.tests.WelcomePageTest@ee86bcb]" started-at="2024-03-11T18:00:23 EDT" name="closeApp" finished-at="2024-03-11T18:00:23 EDT" duration-ms="0" status="PASS">
          <params>
            <param index="0">
              <value>
                <![CDATA[[TestResult name=selectTeam status=SUCCESS method=WelcomePageTest.selectTeam(java.lang.String)[pri:4, instance:com.score.tests.WelcomePageTest@ee86bcb] output={null}]]]>
              </value>
            </param>
          </params>
          <reporter-output>
          </reporter-output>
        </test-method> <!-- closeApp -->
        <test-method signature="subTab(java.lang.String,java.lang.String)[pri:5, instance:com.score.tests.WelcomePageTest@ee86bcb]" started-at="2024-03-11T18:00:23 EDT" name="subTab" data-provider="tableData" finished-at="2024-03-11T18:00:25 EDT" duration-ms="1972" status="PASS">
          <params>
            <param index="0">
              <value>
                <![CDATA[GOALIES]]>
              </value>
            </param>
            <param index="1">
              <value>
                <![CDATA[SKATERS]]>
              </value>
            </param>
          </params>
          <reporter-output>
          </reporter-output>
        </test-method> <!-- subTab -->
        <test-method is-config="true" signature="closeApp(org.testng.ITestResult)[pri:0, instance:com.score.tests.WelcomePageTest@ee86bcb]" started-at="2024-03-11T18:00:25 EDT" name="closeApp" finished-at="2024-03-11T18:00:25 EDT" duration-ms="0" status="PASS">
          <params>
            <param index="0">
              <value>
                <![CDATA[[TestResult name=subTab status=SUCCESS method=WelcomePageTest.subTab(java.lang.String,java.lang.String)[pri:5, instance:com.score.tests.WelcomePageTest@ee86bcb] output={null}]]]>
              </value>
            </param>
          </params>
          <reporter-output>
          </reporter-output>
        </test-method> <!-- closeApp -->
        <test-method signature="gobackToPreviousPage()[pri:6, instance:com.score.tests.WelcomePageTest@ee86bcb]" started-at="2024-03-11T18:00:25 EDT" name="gobackToPreviousPage" finished-at="2024-03-11T18:00:26 EDT" duration-ms="943" status="PASS">
          <reporter-output>
          </reporter-output>
        </test-method> <!-- gobackToPreviousPage -->
        <test-method is-config="true" signature="closeApp(org.testng.ITestResult)[pri:0, instance:com.score.tests.WelcomePageTest@ee86bcb]" started-at="2024-03-11T18:00:26 EDT" name="closeApp" finished-at="2024-03-11T18:00:26 EDT" duration-ms="0" status="PASS">
          <params>
            <param index="0">
              <value>
                <![CDATA[[TestResult name=gobackToPreviousPage status=SUCCESS method=WelcomePageTest.gobackToPreviousPage()[pri:6, instance:com.score.tests.WelcomePageTest@ee86bcb] output={null}]]]>
              </value>
            </param>
          </params>
          <reporter-output>
          </reporter-output>
        </test-method> <!-- closeApp -->
        <test-method is-config="true" signature="serverStop()[pri:0, instance:com.score.tests.WelcomePageTest@ee86bcb]" started-at="2024-03-11T18:00:26 EDT" name="serverStop" finished-at="2024-03-11T18:00:27 EDT" duration-ms="60" status="PASS">
          <reporter-output>
          </reporter-output>
        </test-method> <!-- serverStop -->
      </class> <!-- com.score.tests.WelcomePageTest -->
    </test> <!-- ScoreAppAssignment -->
  </suite> <!-- Suite -->
</testng-results>
